	Command being timed: "/projects/bgmp/sbergan/bioinfo/Bi622/Demultiplex/Assignment-the-third/demultiplex.py -i /projects/bgmp/shared/2017_sequencing/indexes.txt -r1 /projects/bgmp/shared/2017_sequencing/1294_S1_L008_R1_001.fastq.gz -r2 /projects/bgmp/shared/2017_sequencing/1294_S1_L008_R2_001.fastq.gz -r3 /projects/bgmp/shared/2017_sequencing/1294_S1_L008_R3_001.fastq.gz -r4 /projects/bgmp/shared/2017_sequencing/1294_S1_L008_R4_001.fastq.gz -o /projects/bgmp/sbergan/bioinfo/Bi622/Demultiplex/Assignment-the-third/final_output"
	User time (seconds): 2288.81
	System time (seconds): 86.45
	Percent of CPU this job got: 21%
	Elapsed (wall clock) time (h:mm:ss or m:ss): 3:00:04
	Average shared text size (kbytes): 0
	Average unshared data size (kbytes): 0
	Average stack size (kbytes): 0
	Average total size (kbytes): 0
	Maximum resident set size (kbytes): 248484
	Average resident set size (kbytes): 0
	Major (requiring I/O) page faults: 0
	Minor (reclaiming a frame) page faults: 36229
	Voluntary context switches: 49052
	Involuntary context switches: 6318
	Swaps: 0
	File system inputs: 0
	File system outputs: 0
	Socket messages sent: 0
	Socket messages received: 0
	Signals delivered: 0
	Page size (bytes): 4096
	Exit status: 0
